#
# There is insufficient memory for the Java Runtime Environment to continue.
# Native memory allocation (mmap) failed to map 67108864 bytes for G1 virtual space
# Possible reasons:
#   The system is out of physical RAM or swap space
#   The process is running with CompressedOops enabled, and the Java Heap may be blocking the growth of the native heap
# Possible solutions:
#   Reduce memory load on the system
#   Increase physical memory or swap space
#   Check if swap backing store is full
#   Decrease Java heap size (-Xmx/-Xms)
#   Decrease number of Java threads
#   Decrease Java thread stack sizes (-Xss)
#   Set larger code cache with -XX:ReservedCodeCacheSize=
#   JVM is running with Unscaled Compressed Oops mode in which the Java heap is
#     placed in the first 4GB address space. The Java Heap base address is the
#     maximum limit for the native heap growth. Please use -XX:HeapBaseMinAddress
#     to set the Java Heap base and to place the Java Heap above 4GB virtual address.
# This output file may be truncated or incomplete.
#
#  Out of Memory Error (os_windows.cpp:3528), pid=15076, tid=17468
#
# JRE version:  (20.0.1+9) (build )
# Java VM: Java HotSpot(TM) 64-Bit Server VM (20.0.1+9-29, mixed mode, sharing, tiered, compressed oops, compressed class ptrs, g1 gc, windows-amd64)
# No core dump will be written. Minidumps are not enabled by default on client versions of Windows
#

---------------  S U M M A R Y ------------

Command Line: com.mycompany.mazesolver.MazeSolver

Host: Intel(R) Core(TM) i3-4030U CPU @ 1.90GHz, 4 cores, 3G,  Windows 10 , 64 bit Build 19041 (10.0.19041.3636)
Time: Sun Feb 18 11:43:12 2024 India Standard Time elapsed time: 0.704576 seconds (0d 0h 0m 0s)

---------------  T H R E A D  ---------------

Current thread (0x000001ed747203f0):  JavaThread "Unknown thread" [_thread_in_vm, id=17468, stack(0x00000015b6600000,0x00000015b6700000)]

Stack: [0x00000015b6600000,0x00000015b6700000]
Native frames: (J=compiled Java code, j=interpreted, Vv=VM code, C=native code)
V  [jvm.dll+0x6bb95a]
V  [jvm.dll+0x8485fa]
V  [jvm.dll+0x84a1f5]
V  [jvm.dll+0x84a8f3]
V  [jvm.dll+0x280b0f]
V  [jvm.dll+0x6b86e9]
V  [jvm.dll+0x6ad2da]
V  [jvm.dll+0x35adf5]
V  [jvm.dll+0x363016]
V  [jvm.dll+0x3b3b3e]
V  [jvm.dll+0x3b3dc5]
V  [jvm.dll+0x32b50a]
V  [jvm.dll+0x32c32b]
V  [jvm.dll+0x8112bf]
V  [jvm.dll+0x3c0d91]
V  [jvm.dll+0x7fcfe3]
V  [jvm.dll+0x44c76f]
V  [jvm.dll+0x44e0e1]
C  [jli.dll+0x5287]
C  [ucrtbase.dll+0x21bb2]
C  [KERNEL32.DLL+0x17344]
C  [ntdll.dll+0x526b1]


---------------  P R O C E S S  ---------------

Threads class SMR info:
_java_thread_list=0x00007ff91400a098, length=0, elements={
}

Java Threads: ( => current thread )

Other Threads:
  0x000001ed7475e880 WorkerThread "GC Thread#0" [stack: 0x00000015b6700000,0x00000015b6800000] [id=13040]
  0x000001ed747683f0 ConcurrentGCThread "G1 Main Marker" [stack: 0x00000015b6800000,0x00000015b6900000] [id=16432]
  0x000001ed74769ee0 WorkerThread "G1 Conc#0" [stack: 0x00000015b6900000,0x00000015b6a00000] [id=8464]

[error occurred during error reporting (printing all threads), id 0xc0000005, EXCEPTION_ACCESS_VIOLATION (0xc0000005) at pc=0x00007ff9137eeb47]
VM state: not at safepoint (not fully initialized)

VM Mutex/Monitor currently owned by a thread:  ([mutex/lock_event])
[0x000001ed7471b7b0] Heap_lock - owner thread: 0x000001ed747203f0

Heap address: 0x00000000c1600000, size: 1002 MB, Compressed Oops mode: 32-bit

CDS archive(s) mapped at: [0x0000000000000000-0x0000000000000000-0x0000000000000000), size 0, SharedBaseAddress: 0x0000000800000000, ArchiveRelocationMode: 0.
Narrow klass base: 0x0000000000000000, Narrow klass shift: 0, Narrow klass range: 0x0

GC Precious Log:
 CardTable entry size: 512
 Card Set container configuration: InlinePtr #cards 5 size 8 Array Of Cards #cards 12 size 40 Howl #buckets 4 coarsen threshold 1843 Howl Bitmap #cards 512 size 80 coarsen threshold 460 Card regions per heap region 1 cards per card region 2048

Heap:
 garbage-first heap   total 0K, used 0K [0x00000000c1600000, 0x0000000100000000)
  region size 1024K, 0 young (0K), 0 survivors (0K)

[error occurred during error reporting (printing heap information), id 0xc0000005, EXCEPTION_ACCESS_VIOLATION (0xc0000005) at pc=0x00007ff913bc3c59]
GC Heap History (0 events):
No events

Dll operation events (1 events):
Event: 0.018 Loaded shared library C:\Program Files\Java\jdk-20\bin\java.dll

Deoptimization events (0 events):
No events

Classes loaded (0 events):
No events

Classes unloaded (0 events):
No events

Classes redefined (0 events):
No events

Internal exceptions (0 events):
No events

VM Operations (0 events):
No events

Events (0 events):
No events


Dynamic libraries:
0x00007ff78e560000 - 0x00007ff78e570000 	C:\Program Files\Java\jdk-20\bin\java.exe
0x00007ff941d50000 - 0x00007ff941f48000 	C:\Windows\SYSTEM32\ntdll.dll
0x00007ff940ec0000 - 0x00007ff940f7d000 	C:\Windows\System32\KERNEL32.DLL
0x00007ff93f870000 - 0x00007ff93fb66000 	C:\Windows\System32\KERNELBASE.dll
0x00007ff93cce0000 - 0x00007ff93cd70000 	C:\Windows\SYSTEM32\apphelp.dll
0x00007ff93f430000 - 0x00007ff93f530000 	C:\Windows\System32\ucrtbase.dll
0x00007ff9390b0000 - 0x00007ff9390cb000 	C:\Program Files\Java\jdk-20\bin\VCRUNTIME140.dll
0x00007ff932580000 - 0x00007ff932599000 	C:\Program Files\Java\jdk-20\bin\jli.dll
0x00007ff941c60000 - 0x00007ff941d0f000 	C:\Windows\System32\ADVAPI32.dll
0x00007ff941bc0000 - 0x00007ff941c5e000 	C:\Windows\System32\msvcrt.dll
0x00007ff941300000 - 0x00007ff94139c000 	C:\Windows\System32\sechost.dll
0x00007ff9405c0000 - 0x00007ff9406e6000 	C:\Windows\System32\RPCRT4.dll
0x00007ff93fe70000 - 0x00007ff94000e000 	C:\Windows\System32\USER32.dll
0x00007ff93f760000 - 0x00007ff93f782000 	C:\Windows\System32\win32u.dll
0x00007ff931e70000 - 0x00007ff93210a000 	C:\Windows\WinSxS\amd64_microsoft.windows.common-controls_6595b64144ccf1df_6.0.19041.3636_none_60b6a03d71f818d5\COMCTL32.dll
0x00007ff941250000 - 0x00007ff94127c000 	C:\Windows\System32\GDI32.dll
0x00007ff93f640000 - 0x00007ff93f75a000 	C:\Windows\System32\gdi32full.dll
0x00007ff93f530000 - 0x00007ff93f5cd000 	C:\Windows\System32\msvcp_win.dll
0x00007ff92dae0000 - 0x00007ff92daea000 	C:\Windows\SYSTEM32\VERSION.dll
0x00007ff940450000 - 0x00007ff940480000 	C:\Windows\System32\IMM32.DLL
0x00007ff939360000 - 0x00007ff93936c000 	C:\Program Files\Java\jdk-20\bin\vcruntime140_1.dll
0x00007ff932280000 - 0x00007ff93230e000 	C:\Program Files\Java\jdk-20\bin\msvcp140.dll
0x00007ff9134b0000 - 0x00007ff914147000 	C:\Program Files\Java\jdk-20\bin\server\jvm.dll
0x00007ff939140000 - 0x00007ff939167000 	C:\Windows\SYSTEM32\WINMM.dll
0x00007ff93a4f0000 - 0x00007ff93a4f9000 	C:\Windows\SYSTEM32\WSOCK32.dll
0x00007ff940f80000 - 0x00007ff940feb000 	C:\Windows\System32\WS2_32.dll
0x00007ff93d1a0000 - 0x00007ff93d1b2000 	C:\Windows\SYSTEM32\kernel.appcore.dll
0x00007ff938ff0000 - 0x00007ff938ffa000 	C:\Program Files\Java\jdk-20\bin\jimage.dll
0x00007ff92dd20000 - 0x00007ff92df04000 	C:\Windows\SYSTEM32\DBGHELP.DLL
0x00007ff92dbe0000 - 0x00007ff92dc14000 	C:\Windows\SYSTEM32\dbgcore.DLL
0x00007ff93fd20000 - 0x00007ff93fda2000 	C:\Windows\System32\bcryptPrimitives.dll
0x00007ff9323f0000 - 0x00007ff932416000 	C:\Program Files\Java\jdk-20\bin\java.dll

dbghelp: loaded successfully - version: 4.0.5 - missing functions: none
symbol engine: initialized successfully - sym options: 0x614 - pdb path: .;C:\Program Files\Java\jdk-20\bin;C:\Windows\SYSTEM32;C:\Windows\WinSxS\amd64_microsoft.windows.common-controls_6595b64144ccf1df_6.0.19041.3636_none_60b6a03d71f818d5;C:\Program Files\Java\jdk-20\bin\server

VM Arguments:
java_command: com.mycompany.mazesolver.MazeSolver
java_class_path (initial): C:\Users\Windows\OneDrive\Documents\NetBeansProjects\MazeSolver\target\classes
Launcher Type: SUN_STANDARD

[Global flags]
     intx CICompilerCount                          = 3                                         {product} {ergonomic}
     uint ConcGCThreads                            = 1                                         {product} {ergonomic}
     uint G1ConcRefinementThreads                  = 4                                         {product} {ergonomic}
   size_t G1HeapRegionSize                         = 1048576                                   {product} {ergonomic}
    uintx GCDrainStackTargetSize                   = 64                                        {product} {ergonomic}
   size_t InitialHeapSize                          = 67108864                                  {product} {ergonomic}
   size_t MarkStackSize                            = 4194304                                   {product} {ergonomic}
   size_t MaxHeapSize                              = 1050673152                                {product} {ergonomic}
   size_t MinHeapDeltaBytes                        = 1048576                                   {product} {ergonomic}
   size_t MinHeapSize                              = 8388608                                   {product} {ergonomic}
    uintx NonNMethodCodeHeapSize                   = 5832780                                {pd product} {ergonomic}
    uintx NonProfiledCodeHeapSize                  = 122912730                              {pd product} {ergonomic}
    uintx ProfiledCodeHeapSize                     = 122912730                              {pd product} {ergonomic}
    uintx ReservedCodeCacheSize                    = 251658240                              {pd product} {ergonomic}
     bool SegmentedCodeCache                       = true                                      {product} {ergonomic}
   size_t SoftMaxHeapSize                          = 1050673152                             {manageable} {ergonomic}
     bool UseCompressedClassPointers               = true                           {product lp64_product} {ergonomic}
     bool UseCompressedOops                        = true                           {product lp64_product} {ergonomic}
     bool UseG1GC                                  = true                                      {product} {ergonomic}
     bool UseLargePagesIndividualAllocation        = false                                  {pd product} {ergonomic}

Logging:
Log output configuration:
 #0: stdout all=warning uptime,level,tags foldmultilines=false
 #1: stderr all=off uptime,level,tags foldmultilines=false

Environment Variables:
JAVA_HOME=C:\Program Files\Java\jdk-20
PATH=C:\Program Files\Common Files\Oracle\Java\javapath;C:\Windows\system32;C:\Windows;C:\Windows\System32\Wbem;C:\Windows\System32\WindowsPowerShell\v1.0\;C:\Windows\System32\OpenSSH\;C:\Program Files\Java\jdk-20\bin;C:\Program Files\Common Files\Oracle\Java\javapath;C:\Program Files\Java\jdk-20\bin;C:\Program Files\Git\cmd;C:\Program Files\Docker\Docker\resources\bin;C:\Program Files\MySQL\MySQL Shell 8.0\bin\;C:\Users\Windows\AppData\Local\Programs\Python\Python311\Scripts\;C:\Users\Windows\AppData\Local\Programs\Python\Python311\;C:\Users\Windows\AppData\Local\Microsoft\WindowsApps;;C:\Users\Windows\IntelliJ IDEA 2023.1.2\New folder\IntelliJ IDEA 2023.1.2\bin;;C:\Program Files\JetBrains\IntelliJ IDEA Community Edition 2023.1.3\bin;
USERNAME=Windows
OS=Windows_NT
PROCESSOR_IDENTIFIER=Intel64 Family 6 Model 69 Stepping 1, GenuineIntel
TMP=C:\Users\Windows\AppData\Local\Temp
TEMP=C:\Users\Windows\AppData\Local\Temp




---------------  S Y S T E M  ---------------

OS:
 Windows 10 , 64 bit Build 19041 (10.0.19041.3636)
OS uptime: 6 days 13:37 hours
Hyper-V role detected

CPU: total 4 (initial active 4) (2 cores per cpu, 2 threads per core) family 6 model 69 stepping 1 microcode 0x25, cx8, cmov, fxsr, ht, mmx, sse, sse2, sse3, ssse3, sse4.1, sse4.2, popcnt, lzcnt, tsc, tscinvbit, avx, avx2, aes, erms, clmul, bmi1, bmi2, fma, vzeroupper, clflush, hv, rdtscp, f16c

Memory: 4k page, system-wide physical 4004M (217M free)
TotalPageFile size 16292M (AvailPageFile size 52M)
current process WorkingSet (physical memory assigned to process): 11M, peak: 11M
current process commit charge ("private bytes"): 51M, peak: 115M

vm_info: Java HotSpot(TM) 64-Bit Server VM (20.0.1+9-29) for windows-amd64 JRE (20.0.1+9-29), built on 2023-03-07T13:56:11Z by "mach5one" with MS VC++ 17.1 (VS2022)

END.
